<?xml version="1.0" encoding="UTF-8"?>
<testsuite xmlns:xsi="http://www.w3.org/2001/XMLSchema-instance" xsi:noNamespaceSchemaLocation="https://maven.apache.org/surefire/maven-surefire-plugin/xsd/surefire-test-report.xsd" name="com.example.mscbeerservice.web.controller.BeerControllerTest" time="1.155" tests="3" errors="1" skipped="0" failures="1">
  <properties>
    <property name="sun.desktop" value="windows"/>
    <property name="awt.toolkit" value="sun.awt.windows.WToolkit"/>
    <property name="java.specification.version" value="11"/>
    <property name="sun.cpu.isalist" value="amd64"/>
    <property name="sun.jnu.encoding" value="Cp1252"/>
    <property name="java.class.path" value="C:\Users\luisg\Desktop\microsevices-beer\msc-beer-service\target\test-classes;C:\Users\luisg\Desktop\microsevices-beer\msc-beer-service\target\classes;C:\Users\luisg\.m2\repository\org\springframework\boot\spring-boot-starter-actuator\2.2.8.RELEASE\spring-boot-starter-actuator-2.2.8.RELEASE.jar;C:\Users\luisg\.m2\repository\org\springframework\boot\spring-boot-starter\2.2.8.RELEASE\spring-boot-starter-2.2.8.RELEASE.jar;C:\Users\luisg\.m2\repository\org\springframework\boot\spring-boot-starter-logging\2.2.8.RELEASE\spring-boot-starter-logging-2.2.8.RELEASE.jar;C:\Users\luisg\.m2\repository\ch\qos\logback\logback-classic\1.2.3\logback-classic-1.2.3.jar;C:\Users\luisg\.m2\repository\ch\qos\logback\logback-core\1.2.3\logback-core-1.2.3.jar;C:\Users\luisg\.m2\repository\org\apache\logging\log4j\log4j-to-slf4j\2.12.1\log4j-to-slf4j-2.12.1.jar;C:\Users\luisg\.m2\repository\org\apache\logging\log4j\log4j-api\2.12.1\log4j-api-2.12.1.jar;C:\Users\luisg\.m2\repository\org\slf4j\jul-to-slf4j\1.7.30\jul-to-slf4j-1.7.30.jar;C:\Users\luisg\.m2\repository\jakarta\annotation\jakarta.annotation-api\1.3.5\jakarta.annotation-api-1.3.5.jar;C:\Users\luisg\.m2\repository\org\yaml\snakeyaml\1.25\snakeyaml-1.25.jar;C:\Users\luisg\.m2\repository\org\springframework\boot\spring-boot-actuator-autoconfigure\2.2.8.RELEASE\spring-boot-actuator-autoconfigure-2.2.8.RELEASE.jar;C:\Users\luisg\.m2\repository\org\springframework\boot\spring-boot-actuator\2.2.8.RELEASE\spring-boot-actuator-2.2.8.RELEASE.jar;C:\Users\luisg\.m2\repository\com\fasterxml\jackson\core\jackson-databind\2.10.4\jackson-databind-2.10.4.jar;C:\Users\luisg\.m2\repository\com\fasterxml\jackson\core\jackson-annotations\2.10.4\jackson-annotations-2.10.4.jar;C:\Users\luisg\.m2\repository\com\fasterxml\jackson\core\jackson-core\2.10.4\jackson-core-2.10.4.jar;C:\Users\luisg\.m2\repository\org\springframework\spring-context\5.2.7.RELEASE\spring-context-5.2.7.RELEASE.jar;C:\Users\luisg\.m2\repository\com\fasterxml\jackson\datatype\jackson-datatype-jsr310\2.10.4\jackson-datatype-jsr310-2.10.4.jar;C:\Users\luisg\.m2\repository\io\micrometer\micrometer-core\1.3.9\micrometer-core-1.3.9.jar;C:\Users\luisg\.m2\repository\org\hdrhistogram\HdrHistogram\2.1.11\HdrHistogram-2.1.11.jar;C:\Users\luisg\.m2\repository\org\latencyutils\LatencyUtils\2.0.3\LatencyUtils-2.0.3.jar;C:\Users\luisg\.m2\repository\org\springframework\boot\spring-boot-starter-web\2.2.8.RELEASE\spring-boot-starter-web-2.2.8.RELEASE.jar;C:\Users\luisg\.m2\repository\org\springframework\boot\spring-boot-starter-json\2.2.8.RELEASE\spring-boot-starter-json-2.2.8.RELEASE.jar;C:\Users\luisg\.m2\repository\com\fasterxml\jackson\datatype\jackson-datatype-jdk8\2.10.4\jackson-datatype-jdk8-2.10.4.jar;C:\Users\luisg\.m2\repository\com\fasterxml\jackson\module\jackson-module-parameter-names\2.10.4\jackson-module-parameter-names-2.10.4.jar;C:\Users\luisg\.m2\repository\org\springframework\boot\spring-boot-starter-tomcat\2.2.8.RELEASE\spring-boot-starter-tomcat-2.2.8.RELEASE.jar;C:\Users\luisg\.m2\repository\org\apache\tomcat\embed\tomcat-embed-core\9.0.36\tomcat-embed-core-9.0.36.jar;C:\Users\luisg\.m2\repository\org\apache\tomcat\embed\tomcat-embed-el\9.0.36\tomcat-embed-el-9.0.36.jar;C:\Users\luisg\.m2\repository\org\apache\tomcat\embed\tomcat-embed-websocket\9.0.36\tomcat-embed-websocket-9.0.36.jar;C:\Users\luisg\.m2\repository\org\springframework\boot\spring-boot-starter-validation\2.2.8.RELEASE\spring-boot-starter-validation-2.2.8.RELEASE.jar;C:\Users\luisg\.m2\repository\jakarta\validation\jakarta.validation-api\2.0.2\jakarta.validation-api-2.0.2.jar;C:\Users\luisg\.m2\repository\org\hibernate\validator\hibernate-validator\6.0.20.Final\hibernate-validator-6.0.20.Final.jar;C:\Users\luisg\.m2\repository\org\springframework\spring-web\5.2.7.RELEASE\spring-web-5.2.7.RELEASE.jar;C:\Users\luisg\.m2\repository\org\springframework\spring-beans\5.2.7.RELEASE\spring-beans-5.2.7.RELEASE.jar;C:\Users\luisg\.m2\repository\org\springframework\spring-webmvc\5.2.7.RELEASE\spring-webmvc-5.2.7.RELEASE.jar;C:\Users\luisg\.m2\repository\org\springframework\spring-aop\5.2.7.RELEASE\spring-aop-5.2.7.RELEASE.jar;C:\Users\luisg\.m2\repository\org\springframework\spring-expression\5.2.7.RELEASE\spring-expression-5.2.7.RELEASE.jar;C:\Users\luisg\.m2\repository\org\springframework\boot\spring-boot-starter-data-jpa\2.2.8.RELEASE\spring-boot-starter-data-jpa-2.2.8.RELEASE.jar;C:\Users\luisg\.m2\repository\org\springframework\boot\spring-boot-starter-aop\2.2.8.RELEASE\spring-boot-starter-aop-2.2.8.RELEASE.jar;C:\Users\luisg\.m2\repository\org\aspectj\aspectjweaver\1.9.5\aspectjweaver-1.9.5.jar;C:\Users\luisg\.m2\repository\org\springframework\boot\spring-boot-starter-jdbc\2.2.8.RELEASE\spring-boot-starter-jdbc-2.2.8.RELEASE.jar;C:\Users\luisg\.m2\repository\com\zaxxer\HikariCP\3.4.5\HikariCP-3.4.5.jar;C:\Users\luisg\.m2\repository\org\springframework\spring-jdbc\5.2.7.RELEASE\spring-jdbc-5.2.7.RELEASE.jar;C:\Users\luisg\.m2\repository\jakarta\persistence\jakarta.persistence-api\2.2.3\jakarta.persistence-api-2.2.3.jar;C:\Users\luisg\.m2\repository\jakarta\transaction\jakarta.transaction-api\1.3.3\jakarta.transaction-api-1.3.3.jar;C:\Users\luisg\.m2\repository\org\hibernate\hibernate-core\5.4.17.Final\hibernate-core-5.4.17.Final.jar;C:\Users\luisg\.m2\repository\org\jboss\logging\jboss-logging\3.4.1.Final\jboss-logging-3.4.1.Final.jar;C:\Users\luisg\.m2\repository\org\javassist\javassist\3.24.0-GA\javassist-3.24.0-GA.jar;C:\Users\luisg\.m2\repository\net\bytebuddy\byte-buddy\1.10.11\byte-buddy-1.10.11.jar;C:\Users\luisg\.m2\repository\antlr\antlr\2.7.7\antlr-2.7.7.jar;C:\Users\luisg\.m2\repository\org\jboss\jandex\2.1.3.Final\jandex-2.1.3.Final.jar;C:\Users\luisg\.m2\repository\com\fasterxml\classmate\1.5.1\classmate-1.5.1.jar;C:\Users\luisg\.m2\repository\org\dom4j\dom4j\2.1.3\dom4j-2.1.3.jar;C:\Users\luisg\.m2\repository\org\hibernate\common\hibernate-commons-annotations\5.1.0.Final\hibernate-commons-annotations-5.1.0.Final.jar;C:\Users\luisg\.m2\repository\org\glassfish\jaxb\jaxb-runtime\2.3.3\jaxb-runtime-2.3.3.jar;C:\Users\luisg\.m2\repository\org\glassfish\jaxb\txw2\2.3.3\txw2-2.3.3.jar;C:\Users\luisg\.m2\repository\com\sun\istack\istack-commons-runtime\3.0.11\istack-commons-runtime-3.0.11.jar;C:\Users\luisg\.m2\repository\com\sun\activation\jakarta.activation\1.2.2\jakarta.activation-1.2.2.jar;C:\Users\luisg\.m2\repository\org\springframework\data\spring-data-jpa\2.2.8.RELEASE\spring-data-jpa-2.2.8.RELEASE.jar;C:\Users\luisg\.m2\repository\org\springframework\data\spring-data-commons\2.2.8.RELEASE\spring-data-commons-2.2.8.RELEASE.jar;C:\Users\luisg\.m2\repository\org\springframework\spring-orm\5.2.7.RELEASE\spring-orm-5.2.7.RELEASE.jar;C:\Users\luisg\.m2\repository\org\springframework\spring-tx\5.2.7.RELEASE\spring-tx-5.2.7.RELEASE.jar;C:\Users\luisg\.m2\repository\org\slf4j\slf4j-api\1.7.30\slf4j-api-1.7.30.jar;C:\Users\luisg\.m2\repository\org\springframework\spring-aspects\5.2.7.RELEASE\spring-aspects-5.2.7.RELEASE.jar;C:\Users\luisg\.m2\repository\com\h2database\h2\1.4.200\h2-1.4.200.jar;C:\Users\luisg\.m2\repository\javax\xml\bind\jaxb-api\2.3.0\jaxb-api-2.3.0.jar;C:\Users\luisg\.m2\repository\com\sun\xml\bind\jaxb-core\2.3.0\jaxb-core-2.3.0.jar;C:\Users\luisg\.m2\repository\com\sun\xml\bind\jaxb-impl\2.3.0\jaxb-impl-2.3.0.jar;C:\Users\luisg\.m2\repository\org\springframework\boot\spring-boot-devtools\2.2.8.RELEASE\spring-boot-devtools-2.2.8.RELEASE.jar;C:\Users\luisg\.m2\repository\org\springframework\boot\spring-boot\2.2.8.RELEASE\spring-boot-2.2.8.RELEASE.jar;C:\Users\luisg\.m2\repository\org\springframework\boot\spring-boot-autoconfigure\2.2.8.RELEASE\spring-boot-autoconfigure-2.2.8.RELEASE.jar;C:\Users\luisg\.m2\repository\org\projectlombok\lombok\1.18.12\lombok-1.18.12.jar;C:\Users\luisg\.m2\repository\org\mapstruct\mapstruct\1.3.0.Final\mapstruct-1.3.0.Final.jar;C:\Users\luisg\.m2\repository\org\springframework\boot\spring-boot-starter-test\2.2.8.RELEASE\spring-boot-starter-test-2.2.8.RELEASE.jar;C:\Users\luisg\.m2\repository\org\springframework\boot\spring-boot-test\2.2.8.RELEASE\spring-boot-test-2.2.8.RELEASE.jar;C:\Users\luisg\.m2\repository\org\springframework\boot\spring-boot-test-autoconfigure\2.2.8.RELEASE\spring-boot-test-autoconfigure-2.2.8.RELEASE.jar;C:\Users\luisg\.m2\repository\com\jayway\jsonpath\json-path\2.4.0\json-path-2.4.0.jar;C:\Users\luisg\.m2\repository\net\minidev\json-smart\2.3\json-smart-2.3.jar;C:\Users\luisg\.m2\repository\net\minidev\accessors-smart\1.2\accessors-smart-1.2.jar;C:\Users\luisg\.m2\repository\org\ow2\asm\asm\5.0.4\asm-5.0.4.jar;C:\Users\luisg\.m2\repository\jakarta\xml\bind\jakarta.xml.bind-api\2.3.3\jakarta.xml.bind-api-2.3.3.jar;C:\Users\luisg\.m2\repository\jakarta\activation\jakarta.activation-api\1.2.2\jakarta.activation-api-1.2.2.jar;C:\Users\luisg\.m2\repository\org\junit\jupiter\junit-jupiter\5.5.2\junit-jupiter-5.5.2.jar;C:\Users\luisg\.m2\repository\org\junit\jupiter\junit-jupiter-params\5.5.2\junit-jupiter-params-5.5.2.jar;C:\Users\luisg\.m2\repository\org\junit\vintage\junit-vintage-engine\5.5.2\junit-vintage-engine-5.5.2.jar;C:\Users\luisg\.m2\repository\org\assertj\assertj-core\3.13.2\assertj-core-3.13.2.jar;C:\Users\luisg\.m2\repository\org\hamcrest\hamcrest\2.1\hamcrest-2.1.jar;C:\Users\luisg\.m2\repository\org\mockito\mockito-core\3.1.0\mockito-core-3.1.0.jar;C:\Users\luisg\.m2\repository\net\bytebuddy\byte-buddy-agent\1.10.11\byte-buddy-agent-1.10.11.jar;C:\Users\luisg\.m2\repository\org\objenesis\objenesis\2.6\objenesis-2.6.jar;C:\Users\luisg\.m2\repository\org\skyscreamer\jsonassert\1.5.0\jsonassert-1.5.0.jar;C:\Users\luisg\.m2\repository\com\vaadin\external\google\android-json\0.0.20131108.vaadin1\android-json-0.0.20131108.vaadin1.jar;C:\Users\luisg\.m2\repository\org\springframework\spring-core\5.2.7.RELEASE\spring-core-5.2.7.RELEASE.jar;C:\Users\luisg\.m2\repository\org\springframework\spring-jcl\5.2.7.RELEASE\spring-jcl-5.2.7.RELEASE.jar;C:\Users\luisg\.m2\repository\org\springframework\spring-test\5.2.7.RELEASE\spring-test-5.2.7.RELEASE.jar;C:\Users\luisg\.m2\repository\org\xmlunit\xmlunit-core\2.6.4\xmlunit-core-2.6.4.jar;C:\Users\luisg\.m2\repository\org\junit\jupiter\junit-jupiter-api\5.5.2\junit-jupiter-api-5.5.2.jar;C:\Users\luisg\.m2\repository\org\apiguardian\apiguardian-api\1.1.0\apiguardian-api-1.1.0.jar;C:\Users\luisg\.m2\repository\org\opentest4j\opentest4j\1.2.0\opentest4j-1.2.0.jar;C:\Users\luisg\.m2\repository\org\junit\platform\junit-platform-commons\1.5.2\junit-platform-commons-1.5.2.jar;C:\Users\luisg\.m2\repository\org\junit\jupiter\junit-jupiter-engine\5.5.2\junit-jupiter-engine-5.5.2.jar;C:\Users\luisg\.m2\repository\org\junit\platform\junit-platform-engine\1.5.2\junit-platform-engine-1.5.2.jar;C:\Users\luisg\.m2\repository\org\mockito\mockito-junit-jupiter\3.1.0\mockito-junit-jupiter-3.1.0.jar;"/>
    <property name="java.vm.vendor" value="Oracle Corporation"/>
    <property name="sun.arch.data.model" value="64"/>
    <property name="user.variant" value=""/>
    <property name="java.vendor.url" value="https://openjdk.java.net/"/>
    <property name="user.timezone" value="America/Sao_Paulo"/>
    <property name="java.vm.specification.version" value="11"/>
    <property name="os.name" value="Windows 10"/>
    <property name="sun.java.launcher" value="SUN_STANDARD"/>
    <property name="user.country" value="BR"/>
    <property name="sun.boot.library.path" value="C:\Program Files\Java\jdk-11.0.7\bin"/>
    <property name="sun.java.command" value="C:\Users\luisg\AppData\Local\Temp\surefire13078809484739226929\surefirebooter8743161607689592311.jar C:\Users\luisg\AppData\Local\Temp\surefire13078809484739226929 2020-06-20T12-04-03_604-jvmRun1 surefire2932861189753705738tmp surefire_08677961192532013586tmp"/>
    <property name="jdk.debug" value="release"/>
    <property name="surefire.test.class.path" value="C:\Users\luisg\Desktop\microsevices-beer\msc-beer-service\target\test-classes;C:\Users\luisg\Desktop\microsevices-beer\msc-beer-service\target\classes;C:\Users\luisg\.m2\repository\org\springframework\boot\spring-boot-starter-actuator\2.2.8.RELEASE\spring-boot-starter-actuator-2.2.8.RELEASE.jar;C:\Users\luisg\.m2\repository\org\springframework\boot\spring-boot-starter\2.2.8.RELEASE\spring-boot-starter-2.2.8.RELEASE.jar;C:\Users\luisg\.m2\repository\org\springframework\boot\spring-boot-starter-logging\2.2.8.RELEASE\spring-boot-starter-logging-2.2.8.RELEASE.jar;C:\Users\luisg\.m2\repository\ch\qos\logback\logback-classic\1.2.3\logback-classic-1.2.3.jar;C:\Users\luisg\.m2\repository\ch\qos\logback\logback-core\1.2.3\logback-core-1.2.3.jar;C:\Users\luisg\.m2\repository\org\apache\logging\log4j\log4j-to-slf4j\2.12.1\log4j-to-slf4j-2.12.1.jar;C:\Users\luisg\.m2\repository\org\apache\logging\log4j\log4j-api\2.12.1\log4j-api-2.12.1.jar;C:\Users\luisg\.m2\repository\org\slf4j\jul-to-slf4j\1.7.30\jul-to-slf4j-1.7.30.jar;C:\Users\luisg\.m2\repository\jakarta\annotation\jakarta.annotation-api\1.3.5\jakarta.annotation-api-1.3.5.jar;C:\Users\luisg\.m2\repository\org\yaml\snakeyaml\1.25\snakeyaml-1.25.jar;C:\Users\luisg\.m2\repository\org\springframework\boot\spring-boot-actuator-autoconfigure\2.2.8.RELEASE\spring-boot-actuator-autoconfigure-2.2.8.RELEASE.jar;C:\Users\luisg\.m2\repository\org\springframework\boot\spring-boot-actuator\2.2.8.RELEASE\spring-boot-actuator-2.2.8.RELEASE.jar;C:\Users\luisg\.m2\repository\com\fasterxml\jackson\core\jackson-databind\2.10.4\jackson-databind-2.10.4.jar;C:\Users\luisg\.m2\repository\com\fasterxml\jackson\core\jackson-annotations\2.10.4\jackson-annotations-2.10.4.jar;C:\Users\luisg\.m2\repository\com\fasterxml\jackson\core\jackson-core\2.10.4\jackson-core-2.10.4.jar;C:\Users\luisg\.m2\repository\org\springframework\spring-context\5.2.7.RELEASE\spring-context-5.2.7.RELEASE.jar;C:\Users\luisg\.m2\repository\com\fasterxml\jackson\datatype\jackson-datatype-jsr310\2.10.4\jackson-datatype-jsr310-2.10.4.jar;C:\Users\luisg\.m2\repository\io\micrometer\micrometer-core\1.3.9\micrometer-core-1.3.9.jar;C:\Users\luisg\.m2\repository\org\hdrhistogram\HdrHistogram\2.1.11\HdrHistogram-2.1.11.jar;C:\Users\luisg\.m2\repository\org\latencyutils\LatencyUtils\2.0.3\LatencyUtils-2.0.3.jar;C:\Users\luisg\.m2\repository\org\springframework\boot\spring-boot-starter-web\2.2.8.RELEASE\spring-boot-starter-web-2.2.8.RELEASE.jar;C:\Users\luisg\.m2\repository\org\springframework\boot\spring-boot-starter-json\2.2.8.RELEASE\spring-boot-starter-json-2.2.8.RELEASE.jar;C:\Users\luisg\.m2\repository\com\fasterxml\jackson\datatype\jackson-datatype-jdk8\2.10.4\jackson-datatype-jdk8-2.10.4.jar;C:\Users\luisg\.m2\repository\com\fasterxml\jackson\module\jackson-module-parameter-names\2.10.4\jackson-module-parameter-names-2.10.4.jar;C:\Users\luisg\.m2\repository\org\springframework\boot\spring-boot-starter-tomcat\2.2.8.RELEASE\spring-boot-starter-tomcat-2.2.8.RELEASE.jar;C:\Users\luisg\.m2\repository\org\apache\tomcat\embed\tomcat-embed-core\9.0.36\tomcat-embed-core-9.0.36.jar;C:\Users\luisg\.m2\repository\org\apache\tomcat\embed\tomcat-embed-el\9.0.36\tomcat-embed-el-9.0.36.jar;C:\Users\luisg\.m2\repository\org\apache\tomcat\embed\tomcat-embed-websocket\9.0.36\tomcat-embed-websocket-9.0.36.jar;C:\Users\luisg\.m2\repository\org\springframework\boot\spring-boot-starter-validation\2.2.8.RELEASE\spring-boot-starter-validation-2.2.8.RELEASE.jar;C:\Users\luisg\.m2\repository\jakarta\validation\jakarta.validation-api\2.0.2\jakarta.validation-api-2.0.2.jar;C:\Users\luisg\.m2\repository\org\hibernate\validator\hibernate-validator\6.0.20.Final\hibernate-validator-6.0.20.Final.jar;C:\Users\luisg\.m2\repository\org\springframework\spring-web\5.2.7.RELEASE\spring-web-5.2.7.RELEASE.jar;C:\Users\luisg\.m2\repository\org\springframework\spring-beans\5.2.7.RELEASE\spring-beans-5.2.7.RELEASE.jar;C:\Users\luisg\.m2\repository\org\springframework\spring-webmvc\5.2.7.RELEASE\spring-webmvc-5.2.7.RELEASE.jar;C:\Users\luisg\.m2\repository\org\springframework\spring-aop\5.2.7.RELEASE\spring-aop-5.2.7.RELEASE.jar;C:\Users\luisg\.m2\repository\org\springframework\spring-expression\5.2.7.RELEASE\spring-expression-5.2.7.RELEASE.jar;C:\Users\luisg\.m2\repository\org\springframework\boot\spring-boot-starter-data-jpa\2.2.8.RELEASE\spring-boot-starter-data-jpa-2.2.8.RELEASE.jar;C:\Users\luisg\.m2\repository\org\springframework\boot\spring-boot-starter-aop\2.2.8.RELEASE\spring-boot-starter-aop-2.2.8.RELEASE.jar;C:\Users\luisg\.m2\repository\org\aspectj\aspectjweaver\1.9.5\aspectjweaver-1.9.5.jar;C:\Users\luisg\.m2\repository\org\springframework\boot\spring-boot-starter-jdbc\2.2.8.RELEASE\spring-boot-starter-jdbc-2.2.8.RELEASE.jar;C:\Users\luisg\.m2\repository\com\zaxxer\HikariCP\3.4.5\HikariCP-3.4.5.jar;C:\Users\luisg\.m2\repository\org\springframework\spring-jdbc\5.2.7.RELEASE\spring-jdbc-5.2.7.RELEASE.jar;C:\Users\luisg\.m2\repository\jakarta\persistence\jakarta.persistence-api\2.2.3\jakarta.persistence-api-2.2.3.jar;C:\Users\luisg\.m2\repository\jakarta\transaction\jakarta.transaction-api\1.3.3\jakarta.transaction-api-1.3.3.jar;C:\Users\luisg\.m2\repository\org\hibernate\hibernate-core\5.4.17.Final\hibernate-core-5.4.17.Final.jar;C:\Users\luisg\.m2\repository\org\jboss\logging\jboss-logging\3.4.1.Final\jboss-logging-3.4.1.Final.jar;C:\Users\luisg\.m2\repository\org\javassist\javassist\3.24.0-GA\javassist-3.24.0-GA.jar;C:\Users\luisg\.m2\repository\net\bytebuddy\byte-buddy\1.10.11\byte-buddy-1.10.11.jar;C:\Users\luisg\.m2\repository\antlr\antlr\2.7.7\antlr-2.7.7.jar;C:\Users\luisg\.m2\repository\org\jboss\jandex\2.1.3.Final\jandex-2.1.3.Final.jar;C:\Users\luisg\.m2\repository\com\fasterxml\classmate\1.5.1\classmate-1.5.1.jar;C:\Users\luisg\.m2\repository\org\dom4j\dom4j\2.1.3\dom4j-2.1.3.jar;C:\Users\luisg\.m2\repository\org\hibernate\common\hibernate-commons-annotations\5.1.0.Final\hibernate-commons-annotations-5.1.0.Final.jar;C:\Users\luisg\.m2\repository\org\glassfish\jaxb\jaxb-runtime\2.3.3\jaxb-runtime-2.3.3.jar;C:\Users\luisg\.m2\repository\org\glassfish\jaxb\txw2\2.3.3\txw2-2.3.3.jar;C:\Users\luisg\.m2\repository\com\sun\istack\istack-commons-runtime\3.0.11\istack-commons-runtime-3.0.11.jar;C:\Users\luisg\.m2\repository\com\sun\activation\jakarta.activation\1.2.2\jakarta.activation-1.2.2.jar;C:\Users\luisg\.m2\repository\org\springframework\data\spring-data-jpa\2.2.8.RELEASE\spring-data-jpa-2.2.8.RELEASE.jar;C:\Users\luisg\.m2\repository\org\springframework\data\spring-data-commons\2.2.8.RELEASE\spring-data-commons-2.2.8.RELEASE.jar;C:\Users\luisg\.m2\repository\org\springframework\spring-orm\5.2.7.RELEASE\spring-orm-5.2.7.RELEASE.jar;C:\Users\luisg\.m2\repository\org\springframework\spring-tx\5.2.7.RELEASE\spring-tx-5.2.7.RELEASE.jar;C:\Users\luisg\.m2\repository\org\slf4j\slf4j-api\1.7.30\slf4j-api-1.7.30.jar;C:\Users\luisg\.m2\repository\org\springframework\spring-aspects\5.2.7.RELEASE\spring-aspects-5.2.7.RELEASE.jar;C:\Users\luisg\.m2\repository\com\h2database\h2\1.4.200\h2-1.4.200.jar;C:\Users\luisg\.m2\repository\javax\xml\bind\jaxb-api\2.3.0\jaxb-api-2.3.0.jar;C:\Users\luisg\.m2\repository\com\sun\xml\bind\jaxb-core\2.3.0\jaxb-core-2.3.0.jar;C:\Users\luisg\.m2\repository\com\sun\xml\bind\jaxb-impl\2.3.0\jaxb-impl-2.3.0.jar;C:\Users\luisg\.m2\repository\org\springframework\boot\spring-boot-devtools\2.2.8.RELEASE\spring-boot-devtools-2.2.8.RELEASE.jar;C:\Users\luisg\.m2\repository\org\springframework\boot\spring-boot\2.2.8.RELEASE\spring-boot-2.2.8.RELEASE.jar;C:\Users\luisg\.m2\repository\org\springframework\boot\spring-boot-autoconfigure\2.2.8.RELEASE\spring-boot-autoconfigure-2.2.8.RELEASE.jar;C:\Users\luisg\.m2\repository\org\projectlombok\lombok\1.18.12\lombok-1.18.12.jar;C:\Users\luisg\.m2\repository\org\mapstruct\mapstruct\1.3.0.Final\mapstruct-1.3.0.Final.jar;C:\Users\luisg\.m2\repository\org\springframework\boot\spring-boot-starter-test\2.2.8.RELEASE\spring-boot-starter-test-2.2.8.RELEASE.jar;C:\Users\luisg\.m2\repository\org\springframework\boot\spring-boot-test\2.2.8.RELEASE\spring-boot-test-2.2.8.RELEASE.jar;C:\Users\luisg\.m2\repository\org\springframework\boot\spring-boot-test-autoconfigure\2.2.8.RELEASE\spring-boot-test-autoconfigure-2.2.8.RELEASE.jar;C:\Users\luisg\.m2\repository\com\jayway\jsonpath\json-path\2.4.0\json-path-2.4.0.jar;C:\Users\luisg\.m2\repository\net\minidev\json-smart\2.3\json-smart-2.3.jar;C:\Users\luisg\.m2\repository\net\minidev\accessors-smart\1.2\accessors-smart-1.2.jar;C:\Users\luisg\.m2\repository\org\ow2\asm\asm\5.0.4\asm-5.0.4.jar;C:\Users\luisg\.m2\repository\jakarta\xml\bind\jakarta.xml.bind-api\2.3.3\jakarta.xml.bind-api-2.3.3.jar;C:\Users\luisg\.m2\repository\jakarta\activation\jakarta.activation-api\1.2.2\jakarta.activation-api-1.2.2.jar;C:\Users\luisg\.m2\repository\org\junit\jupiter\junit-jupiter\5.5.2\junit-jupiter-5.5.2.jar;C:\Users\luisg\.m2\repository\org\junit\jupiter\junit-jupiter-params\5.5.2\junit-jupiter-params-5.5.2.jar;C:\Users\luisg\.m2\repository\org\junit\vintage\junit-vintage-engine\5.5.2\junit-vintage-engine-5.5.2.jar;C:\Users\luisg\.m2\repository\org\assertj\assertj-core\3.13.2\assertj-core-3.13.2.jar;C:\Users\luisg\.m2\repository\org\hamcrest\hamcrest\2.1\hamcrest-2.1.jar;C:\Users\luisg\.m2\repository\org\mockito\mockito-core\3.1.0\mockito-core-3.1.0.jar;C:\Users\luisg\.m2\repository\net\bytebuddy\byte-buddy-agent\1.10.11\byte-buddy-agent-1.10.11.jar;C:\Users\luisg\.m2\repository\org\objenesis\objenesis\2.6\objenesis-2.6.jar;C:\Users\luisg\.m2\repository\org\skyscreamer\jsonassert\1.5.0\jsonassert-1.5.0.jar;C:\Users\luisg\.m2\repository\com\vaadin\external\google\android-json\0.0.20131108.vaadin1\android-json-0.0.20131108.vaadin1.jar;C:\Users\luisg\.m2\repository\org\springframework\spring-core\5.2.7.RELEASE\spring-core-5.2.7.RELEASE.jar;C:\Users\luisg\.m2\repository\org\springframework\spring-jcl\5.2.7.RELEASE\spring-jcl-5.2.7.RELEASE.jar;C:\Users\luisg\.m2\repository\org\springframework\spring-test\5.2.7.RELEASE\spring-test-5.2.7.RELEASE.jar;C:\Users\luisg\.m2\repository\org\xmlunit\xmlunit-core\2.6.4\xmlunit-core-2.6.4.jar;C:\Users\luisg\.m2\repository\org\junit\jupiter\junit-jupiter-api\5.5.2\junit-jupiter-api-5.5.2.jar;C:\Users\luisg\.m2\repository\org\apiguardian\apiguardian-api\1.1.0\apiguardian-api-1.1.0.jar;C:\Users\luisg\.m2\repository\org\opentest4j\opentest4j\1.2.0\opentest4j-1.2.0.jar;C:\Users\luisg\.m2\repository\org\junit\platform\junit-platform-commons\1.5.2\junit-platform-commons-1.5.2.jar;C:\Users\luisg\.m2\repository\org\junit\jupiter\junit-jupiter-engine\5.5.2\junit-jupiter-engine-5.5.2.jar;C:\Users\luisg\.m2\repository\org\junit\platform\junit-platform-engine\1.5.2\junit-platform-engine-1.5.2.jar;C:\Users\luisg\.m2\repository\org\mockito\mockito-junit-jupiter\3.1.0\mockito-junit-jupiter-3.1.0.jar;"/>
    <property name="sun.cpu.endian" value="little"/>
    <property name="user.home" value="C:\Users\luisg"/>
    <property name="user.language" value="pt"/>
    <property name="java.specification.vendor" value="Oracle Corporation"/>
    <property name="java.version.date" value="2020-04-14"/>
    <property name="java.home" value="C:\Program Files\Java\jdk-11.0.7"/>
    <property name="file.separator" value="\"/>
    <property name="basedir" value="C:\Users\luisg\Desktop\microsevices-beer\msc-beer-service"/>
    <property name="java.vm.compressedOopsMode" value="32-bit"/>
    <property name="line.separator" value="&#10;"/>
    <property name="java.specification.name" value="Java Platform API Specification"/>
    <property name="java.vm.specification.vendor" value="Oracle Corporation"/>
    <property name="java.awt.graphicsenv" value="sun.awt.Win32GraphicsEnvironment"/>
    <property name="idea.version2020.1.2" value="true"/>
    <property name="surefire.real.class.path" value="C:\Users\luisg\AppData\Local\Temp\surefire13078809484739226929\surefirebooter8743161607689592311.jar"/>
    <property name="user.script" value=""/>
    <property name="sun.management.compiler" value="HotSpot 64-Bit Tiered Compilers"/>
    <property name="java.runtime.version" value="11.0.7+8-LTS"/>
    <property name="user.name" value="luisg"/>
    <property name="path.separator" value=";"/>
    <property name="os.version" value="10.0"/>
    <property name="java.runtime.name" value="Java(TM) SE Runtime Environment"/>
    <property name="file.encoding" value="Cp1252"/>
    <property name="java.vm.name" value="Java HotSpot(TM) 64-Bit Server VM"/>
    <property name="java.vendor.version" value="18.9"/>
    <property name="localRepository" value="C:\Users\luisg\.m2\repository"/>
    <property name="java.vendor.url.bug" value="https://bugreport.java.com/bugreport/"/>
    <property name="java.io.tmpdir" value="C:\Users\luisg\AppData\Local\Temp\"/>
    <property name="java.version" value="11.0.7"/>
    <property name="user.dir" value="C:\Users\luisg\Desktop\microsevices-beer\msc-beer-service"/>
    <property name="os.arch" value="amd64"/>
    <property name="java.vm.specification.name" value="Java Virtual Machine Specification"/>
    <property name="java.awt.printerjob" value="sun.awt.windows.WPrinterJob"/>
    <property name="sun.os.patch.level" value=""/>
    <property name="java.library.path" value="C:\Program Files\Java\jdk-11.0.7\bin;C:\Windows\Sun\Java\bin;C:\Windows\system32;C:\Windows;C:\Program Files (x86)\Common Files\Oracle\Java\javapath;C:\Windows\system32;C:\Windows;C:\Windows\System32\Wbem;C:\Windows\System32\WindowsPowerShell\v1.0\;C:\Windows\System32\OpenSSH\;C:\Program Files (x86)\NVIDIA Corporation\PhysX\Common;C:\Program Files\NVIDIA Corporation\NVIDIA NvDLISR;C:\Spark\spark-3.0.0-preview2-bin-hadoop2.7\bin;C:\Program Files (x86)\Brackets\command;C:\Program Files\nodejs\;C:\Program Files\Git\cmd;C:\Program Files\Java\jdk-11.0.7\bin;C:\Program Files\Java\jdk1.8.0_231\bin;C:\Users\luisg\AppData\Local\Programs\Python\Python38-32\Scripts\;C:\Users\luisg\AppData\Local\Programs\Python\Python38-32\;C:\Users\luisg\AppData\Local\Microsoft\WindowsApps;C:\hadoop\bin;C:\Spark\spark-3.0.0-preview2-bin-hadoop2.7\bin;C:\Users\luisg\AppData\Local\Programs\Microsoft VS Code\bin;C:\Users\luisg\AppData\Roaming\npm;C:\Program Files\Java\jdk-11.0.7\bin;;C:\Program Files\Docker Toolbox;C:\Program Files\JetBrains\IntelliJ IDEA Community Edition 2020.1.2\bin;;C:\Program Files\JetBrains\IntelliJ IDEA 2020.1.2\bin;;."/>
    <property name="java.vendor" value="Oracle Corporation"/>
    <property name="java.vm.info" value="mixed mode"/>
    <property name="java.vm.version" value="11.0.7+8-LTS"/>
    <property name="sun.io.unicode.encoding" value="UnicodeLittle"/>
    <property name="java.class.version" value="55.0"/>
  </properties>
  <testcase name="updateBeerById" classname="com.example.mscbeerservice.web.controller.BeerControllerTest" time="0.16">
    <failure message="Status expected:&lt;204&gt; but was:&lt;404&gt;" type="java.lang.AssertionError"><![CDATA[java.lang.AssertionError: Status expected:<204> but was:<404>
	at com.example.mscbeerservice.web.controller.BeerControllerTest.updateBeerById(BeerControllerTest.java:72)
]]></failure>
    <system-out><![CDATA[2020-06-20 12:04:12.292  INFO 9304 --- [           main] .b.t.a.w.s.WebMvcTestContextBootstrapper : Neither @ContextConfiguration nor @ContextHierarchy found for test class [com.example.mscbeerservice.web.controller.BeerControllerTest], using SpringBootContextLoader
2020-06-20 12:04:12.292  INFO 9304 --- [           main] o.s.t.c.support.AbstractContextLoader    : Could not detect default resource locations for test class [com.example.mscbeerservice.web.controller.BeerControllerTest]: no resource found for suffixes {-context.xml, Context.groovy}.
2020-06-20 12:04:12.292  INFO 9304 --- [           main] t.c.s.AnnotationConfigContextLoaderUtils : Could not detect default configuration classes for test class [com.example.mscbeerservice.web.controller.BeerControllerTest]: BeerControllerTest does not declare any static, non-private, non-final, nested classes annotated with @Configuration.
2020-06-20 12:04:12.353  INFO 9304 --- [           main] .b.t.c.SpringBootTestContextBootstrapper : Found @SpringBootConfiguration com.example.mscbeerservice.MscBeerServiceApplication for test class com.example.mscbeerservice.web.controller.BeerControllerTest
2020-06-20 12:04:12.353  INFO 9304 --- [           main] .b.t.a.w.s.WebMvcTestContextBootstrapper : Loaded default TestExecutionListener class names from location [META-INF/spring.factories]: [org.springframework.boot.test.mock.mockito.MockitoTestExecutionListener, org.springframework.boot.test.mock.mockito.ResetMocksTestExecutionListener, org.springframework.boot.test.autoconfigure.restdocs.RestDocsTestExecutionListener, org.springframework.boot.test.autoconfigure.web.client.MockRestServiceServerResetTestExecutionListener, org.springframework.boot.test.autoconfigure.web.servlet.MockMvcPrintOnlyOnFailureTestExecutionListener, org.springframework.boot.test.autoconfigure.web.servlet.WebDriverTestExecutionListener, org.springframework.test.context.web.ServletTestExecutionListener, org.springframework.test.context.support.DirtiesContextBeforeModesTestExecutionListener, org.springframework.test.context.support.DependencyInjectionTestExecutionListener, org.springframework.test.context.support.DirtiesContextTestExecutionListener, org.springframework.test.context.transaction.TransactionalTestExecutionListener, org.springframework.test.context.jdbc.SqlScriptsTestExecutionListener, org.springframework.test.context.event.EventPublishingTestExecutionListener]
2020-06-20 12:04:12.353  INFO 9304 --- [           main] .b.t.a.w.s.WebMvcTestContextBootstrapper : Using TestExecutionListeners: [org.springframework.test.context.web.ServletTestExecutionListener@267a8777, org.springframework.test.context.support.DirtiesContextBeforeModesTestExecutionListener@175c26ff, org.springframework.boot.test.mock.mockito.MockitoTestExecutionListener@623bdc46, org.springframework.boot.test.autoconfigure.SpringBootDependencyInjectionTestExecutionListener@411576c7, org.springframework.test.context.support.DirtiesContextTestExecutionListener@332610ad, org.springframework.test.context.transaction.TransactionalTestExecutionListener@45bbb3e8, org.springframework.test.context.jdbc.SqlScriptsTestExecutionListener@795e8ef5, org.springframework.test.context.event.EventPublishingTestExecutionListener@13976c57, org.springframework.boot.test.mock.mockito.ResetMocksTestExecutionListener@10b7b5f0, org.springframework.boot.test.autoconfigure.restdocs.RestDocsTestExecutionListener@80b70fd, org.springframework.boot.test.autoconfigure.web.client.MockRestServiceServerResetTestExecutionListener@5af7e2f, org.springframework.boot.test.autoconfigure.web.servlet.MockMvcPrintOnlyOnFailureTestExecutionListener@2df24f19, org.springframework.boot.test.autoconfigure.web.servlet.WebDriverTestExecutionListener@c76762]

  .   ____          _            __ _ _
 /\\ / ___'_ __ _ _(_)_ __  __ _ \ \ \ \
( ( )\___ | '_ | '_| | '_ \/ _` | \ \ \ \
 \\/  ___)| |_)| | | | | || (_| |  ) ) ) )
  '  |____| .__|_| |_|_| |_\__, | / / / /
 =========|_|==============|___/=/_/_/_/
 :: Spring Boot ::        (v2.2.8.RELEASE)

2020-06-20 12:04:12.409  INFO 9304 --- [           main] c.e.m.web.controller.BeerControllerTest  : Starting BeerControllerTest on LAPTOP-0A1O4P3I with PID 9304 (started by luisg in C:\Users\luisg\Desktop\microsevices-beer\msc-beer-service)
2020-06-20 12:04:12.419  INFO 9304 --- [           main] c.e.m.web.controller.BeerControllerTest  : No active profile set, falling back to default profiles: default
2020-06-20 12:04:12.889  INFO 9304 --- [           main] o.s.s.concurrent.ThreadPoolTaskExecutor  : Initializing ExecutorService 'applicationTaskExecutor'
2020-06-20 12:04:13.124  INFO 9304 --- [           main] o.s.b.t.m.w.SpringBootMockServletContext : Initializing Spring TestDispatcherServlet ''
2020-06-20 12:04:13.124  INFO 9304 --- [           main] o.s.t.web.servlet.TestDispatcherServlet  : Initializing Servlet ''
2020-06-20 12:04:13.144  INFO 9304 --- [           main] o.s.t.web.servlet.TestDispatcherServlet  : Completed initialization in 20 ms
2020-06-20 12:04:13.164  INFO 9304 --- [           main] c.e.m.web.controller.BeerControllerTest  : Started BeerControllerTest in 0.802 seconds (JVM running for 8.412)

MockHttpServletRequest:
      HTTP Method = PUT
      Request URI = /api/v1/beer6a68cbc1-2160-4875-bb53-e2a189170969
       Parameters = {}
          Headers = [Content-Type:"application/json", Content-Length:"164"]
             Body = <no character encoding set>
    Session Attrs = {}

Handler:
             Type = org.springframework.web.servlet.resource.ResourceHttpRequestHandler

Async:
    Async started = false
     Async result = null

Resolved Exception:
             Type = null

ModelAndView:
        View name = null
             View = null
            Model = null

FlashMap:
       Attributes = null

MockHttpServletResponse:
           Status = 404
    Error message = null
          Headers = [Vary:"Origin", "Access-Control-Request-Method", "Access-Control-Request-Headers"]
     Content type = null
             Body = 
    Forwarded URL = null
   Redirected URL = null
          Cookies = []
]]></system-out>
  </testcase>
  <testcase name="saveNewBeer" classname="com.example.mscbeerservice.web.controller.BeerControllerTest" time="0.16"/>
  <testcase name="getBeerById" classname="com.example.mscbeerservice.web.controller.BeerControllerTest" time="0">
    <error message="&apos;url&apos; should start with a path or be a complete HTTP URL: api/v1/beer86ced902-4a52-4a23-ba78-88a3d0aa96cd" type="java.lang.IllegalArgumentException">java.lang.IllegalArgumentException: 'url' should start with a path or be a complete HTTP URL: api/v1/beer86ced902-4a52-4a23-ba78-88a3d0aa96cd
	at com.example.mscbeerservice.web.controller.BeerControllerTest.getBeerById(BeerControllerTest.java:45)
</error>
  </testcase>
</testsuite>